<?xml version="1.0" encoding="UTF-8"?>
<testsuite xmlns:xsi="http://www.w3.org/2001/XMLSchema-instance" xsi:noNamespaceSchemaLocation="https://maven.apache.org/surefire/maven-surefire-plugin/xsd/surefire-test-report.xsd" version="3.0.2" name="io.mq9.Mq9ClientTest$ConsumeTests" time="0.009" tests="3" errors="0" skipped="0" failures="0">
  <properties>
[...]
</properties>
  <testcase name="happyPath" classname="io.mq9.Mq9ClientTest$ConsumeTests" time="0.005"/>
  <testcase name="handlerError" classname="io.mq9.Mq9ClientTest$ConsumeTests" time="0.002"/>
  <testcase name="stopBehavior" classname="io.mq9.Mq9ClientTest$ConsumeTests" time="0.001"/>
</testsuite>